# JRE version: OpenJDK Runtime Environment (8.0_242-b01) (build 1.8.0_242-release-1644-b01)
# Java VM: OpenJDK 64-Bit Server VM (25.242-b01 mixed mode windows-amd64 compressed oops)
Heap:
 PSYoungGen      total 409600K, used 23831K [0x00000000d5580000, 0x00000000f4100000, 0x0000000100000000)
  eden space 357376K, 2% used [0x00000000d5580000,0x00000000d5fa6068,0x00000000eb280000)
  from space 52224K, 25% used [0x00000000eb280000,0x00000000ebf9fe80,0x00000000ee580000)
  to   space 49664K, 0% used [0x00000000f1080000,0x00000000f1080000,0x00000000f4100000)
 ParOldGen       total 217600K, used 116379K [0x0000000080000000, 0x000000008d480000, 0x00000000d5580000)
  object space 217600K, 53% used [0x0000000080000000,0x00000000871a6d90,0x000000008d480000)
 Metaspace       used 88802K, capacity 93438K, committed 93720K, reserved 1130496K
  class space    used 11908K, capacity 12788K, committed 12848K, reserved 1048576K
GC Heap History (10 events):
Event: 13.487 GC heap before
{Heap before GC invocations=17 (full 3):
 PSYoungGen      total 255488K, used 255472K [0x00000000d5580000, 0x00000000ea980000, 0x0000000100000000)
  eden space 235520K, 100% used [0x00000000d5580000,0x00000000e3b80000,0x00000000e3b80000)
  from space 19968K, 99% used [0x00000000e3b80000,0x00000000e4efc2a0,0x00000000e4f00000)
  to   space 24064K, 0% used [0x00000000e9200000,0x00000000e9200000,0x00000000ea980000)
 ParOldGen       total 106496K, used 34776K [0x0000000080000000, 0x0000000086800000, 0x00000000d5580000)
  object space 106496K, 32% used [0x0000000080000000,0x00000000821f6328,0x0000000086800000)
 Metaspace       used 70828K, capacity 74394K, committed 74648K, reserved 1114112K
  class space    used 9729K, capacity 10378K, committed 10416K, reserved 1048576K
Event: 13.719 GC heap after
Heap after GC invocations=17 (full 3):
 PSYoungGen      total 313856K, used 24056K [0x00000000d5580000, 0x00000000ecf00000, 0x0000000100000000)
  eden space 289792K, 0% used [0x00000000d5580000,0x00000000d5580000,0x00000000e7080000)
  from space 24064K, 99% used [0x00000000e9200000,0x00000000ea97e070,0x00000000ea980000)
  to   space 34304K, 0% used [0x00000000e7080000,0x00000000e7080000,0x00000000e9200000)
 ParOldGen       total 106496K, used 52417K [0x0000000080000000, 0x0000000086800000, 0x00000000d5580000)
  object space 106496K, 49% used [0x0000000080000000,0x0000000083330680,0x0000000086800000)
 Metaspace       used 70828K, capacity 74394K, committed 74648K, reserved 1114112K
  class space    used 9729K, capacity 10378K, committed 10416K, reserved 1048576K
}
Event: 17.806 GC heap before
{Heap before GC invocations=18 (full 3):
 PSYoungGen      total 313856K, used 313848K [0x00000000d5580000, 0x00000000ecf00000, 0x0000000100000000)
  eden space 289792K, 100% used [0x00000000d5580000,0x00000000e7080000,0x00000000e7080000)
  from space 24064K, 99% used [0x00000000e9200000,0x00000000ea97e070,0x00000000ea980000)
  to   space 34304K, 0% used [0x00000000e7080000,0x00000000e7080000,0x00000000e9200000)
 ParOldGen       total 106496K, used 56500K [0x0000000080000000, 0x0000000086800000, 0x00000000d5580000)
  object space 106496K, 53% used [0x0000000080000000,0x000000008372d388,0x0000000086800000)
 Metaspace       used 80260K, capacity 84966K, committed 85144K, reserved 1122304K
  class space    used 11223K, capacity 12096K, committed 12208K, reserved 1048576K
Event: 17.914 GC heap after
Heap after GC invocations=18 (full 3):
 PSYoungGen      total 324096K, used 34287K [0x00000000d5580000, 0x00000000f3900000, 0x0000000100000000)
  eden space 289792K, 0% used [0x00000000d5580000,0x00000000d5580000,0x00000000e7080000)
  from space 34304K, 99% used [0x00000000e7080000,0x00000000e91fbc28,0x00000000e9200000)
  to   space 55296K, 0% used [0x00000000f0300000,0x00000000f0300000,0x00000000f3900000)
 ParOldGen       total 106496K, used 96945K [0x0000000080000000, 0x0000000086800000, 0x00000000d5580000)
  object space 106496K, 91% used [0x0000000080000000,0x0000000085eac538,0x0000000086800000)
 Metaspace       used 80260K, capacity 84966K, committed 85144K, reserved 1122304K
  class space    used 11223K, capacity 12096K, committed 12208K, reserved 1048576K
}
Event: 17.914 GC heap before
{Heap before GC invocations=19 (full 4):
 PSYoungGen      total 324096K, used 34287K [0x00000000d5580000, 0x00000000f3900000, 0x0000000100000000)
  eden space 289792K, 0% used [0x00000000d5580000,0x00000000d5580000,0x00000000e7080000)
  from space 34304K, 99% used [0x00000000e7080000,0x00000000e91fbc28,0x00000000e9200000)
  to   space 55296K, 0% used [0x00000000f0300000,0x00000000f0300000,0x00000000f3900000)
 ParOldGen       total 106496K, used 96945K [0x0000000080000000, 0x0000000086800000, 0x00000000d5580000)
  object space 106496K, 91% used [0x0000000080000000,0x0000000085eac538,0x0000000086800000)
 Metaspace       used 80260K, capacity 84966K, committed 85144K, reserved 1122304K
  class space    used 11223K, capacity 12096K, committed 12208K, reserved 1048576K
Event: 19.030 GC heap after
Heap after GC invocations=19 (full 4):
 PSYoungGen      total 324096K, used 16845K [0x00000000d5580000, 0x00000000f3900000, 0x0000000100000000)
  eden space 289792K, 0% used [0x00000000d5580000,0x00000000d5580000,0x00000000e7080000)
  from space 34304K, 49% used [0x00000000e7080000,0x00000000e80f3450,0x00000000e9200000)
  to   space 55296K, 0% used [0x00000000f0300000,0x00000000f0300000,0x00000000f3900000)
 ParOldGen       total 217600K, used 106453K [0x0000000080000000, 0x000000008d480000, 0x00000000d5580000)
  object space 217600K, 48% used [0x0000000080000000,0x00000000867f5768,0x000000008d480000)
 Metaspace       used 79941K, capacity 84034K, committed 85144K, reserved 1122304K
  class space    used 11118K, capacity 11910K, committed 12208K, reserved 1048576K
}
Event: 93.918 GC heap before
{Heap before GC invocations=20 (full 4):
 PSYoungGen      total 324096K, used 306637K [0x00000000d5580000, 0x00000000f3900000, 0x0000000100000000)
  eden space 289792K, 100% used [0x00000000d5580000,0x00000000e7080000,0x00000000e7080000)
  from space 34304K, 49% used [0x00000000e7080000,0x00000000e80f3450,0x00000000e9200000)
  to   space 55296K, 0% used [0x00000000f0300000,0x00000000f0300000,0x00000000f3900000)
 ParOldGen       total 217600K, used 106453K [0x0000000080000000, 0x000000008d480000, 0x00000000d5580000)
  object space 217600K, 48% used [0x0000000080000000,0x00000000867f5768,0x000000008d480000)
 Metaspace       used 87595K, capacity 91914K, committed 92440K, reserved 1128448K
  class space    used 11864K, capacity 12714K, committed 12848K, reserved 1048576K
Event: 93.963 GC heap after
Heap after GC invocations=20 (full 4):
 PSYoungGen      total 379392K, used 20632K [0x00000000d5580000, 0x00000000f1880000, 0x0000000100000000)
  eden space 357376K, 0% used [0x00000000d5580000,0x00000000d5580000,0x00000000eb280000)
  from space 22016K, 93% used [0x00000000f0300000,0x00000000f1726270,0x00000000f1880000)
  to   space 52224K, 0% used [0x00000000eb280000,0x00000000eb280000,0x00000000ee580000)
 ParOldGen       total 217600K, used 116371K [0x0000000080000000, 0x000000008d480000, 0x00000000d5580000)
  object space 217600K, 53% used [0x0000000080000000,0x00000000871a4d90,0x000000008d480000)
 Metaspace       used 87595K, capacity 91914K, committed 92440K, reserved 1128448K
  class space    used 11864K, capacity 12714K, committed 12848K, reserved 1048576K
}
Event: 486.410 GC heap before
{Heap before GC invocations=21 (full 4):
 PSYoungGen      total 379392K, used 378003K [0x00000000d5580000, 0x00000000f1880000, 0x0000000100000000)
  eden space 357376K, 99% used [0x00000000d5580000,0x00000000eb27ed50,0x00000000eb280000)
  from space 22016K, 93% used [0x00000000f0300000,0x00000000f1726270,0x00000000f1880000)
  to   space 52224K, 0% used [0x00000000eb280000,0x00000000eb280000,0x00000000ee580000)
 ParOldGen       total 217600K, used 116371K [0x0000000080000000, 0x000000008d480000, 0x00000000d5580000)
  object space 217600K, 53% used [0x0000000080000000,0x00000000871a4d90,0x000000008d480000)
 Metaspace       used 88792K, capacity 93438K, committed 93720K, reserved 1130496K
  class space    used 11908K, capacity 12788K, committed 12848K, reserved 1048576K
Event: 486.831 GC heap after
Heap after GC invocations=21 (full 4):
 PSYoungGen      total 409600K, used 13439K [0x00000000d5580000, 0x00000000f4100000, 0x0000000100000000)
  eden space 357376K, 0% used [0x00000000d5580000,0x00000000d5580000,0x00000000eb280000)
  from space 52224K, 25% used [0x00000000eb280000,0x00000000ebf9fe80,0x00000000ee580000)
  to   space 49664K, 0% used [0x00000000f1080000,0x00000000f1080000,0x00000000f4100000)
 ParOldGen       total 217600K, used 116379K [0x0000000080000000, 0x000000008d480000, 0x00000000d5580000)
  object space 217600K, 53% used [0x0000000080000000,0x00000000871a6d90,0x000000008d480000)
 Metaspace       used 88792K, capacity 93438K, committed 93720K, reserved 1130496K
  class space    used 11908K, capacity 12788K, committed 12848K, reserved 1048576K
}

